D:\ONEDRIVE - VNU.EDU.VN\1. LAMTRONGVINH\6. DEV\SDL\GAMEPROJECT\GAMEPROJECT\DEBUG\GAMEPROJECT.PCH
D:\ONEDRIVE - VNU.EDU.VN\1. LAMTRONGVINH\6. DEV\SDL\GAMEPROJECT\GAMEPROJECT\DEBUG\STDAFX.OBJ
D:\ONEDRIVE - VNU.EDU.VN\1. LAMTRONGVINH\6. DEV\SDL\GAMEPROJECT\GAMEPROJECT\DEBUG\VC110.PDB
D:\ONEDRIVE - VNU.EDU.VN\1. LAMTRONGVINH\6. DEV\SDL\GAMEPROJECT\GAMEPROJECT\DEBUG\GAMEPROJECT.OBJ
D:\ONEDRIVE - VNU.EDU.VN\1. LAMTRONGVINH\6. DEV\SDL\GAMEPROJECT\GAMEPROJECT\DEBUG\BASEOBJECT.OBJ
D:\ONEDRIVE - VNU.EDU.VN\1. LAMTRONGVINH\6. DEV\SDL\GAMEPROJECT\GAMEPROJECT\DEBUG\COMMONFUNCTION.OBJ
D:\ONEDRIVE - VNU.EDU.VN\1. LAMTRONGVINH\6. DEV\SDL\GAMEPROJECT\GAMEPROJECT\DEBUG\MAIN.OBJ
D:\ONEDRIVE - VNU.EDU.VN\1. LAMTRONGVINH\6. DEV\SDL\GAMEPROJECT\GAMEPROJECT\DEBUG\GAME_MAP.OBJ
D:\ONEDRIVE - VNU.EDU.VN\1. LAMTRONGVINH\6. DEV\SDL\GAMEPROJECT\GAMEPROJECT\DEBUG\MAINOBJECT.OBJ
D:\ONEDRIVE - VNU.EDU.VN\1. LAMTRONGVINH\6. DEV\SDL\GAMEPROJECT\DEBUG\GAMEPROJECT.ILK
D:\ONEDRIVE - VNU.EDU.VN\1. LAMTRONGVINH\6. DEV\SDL\GAMEPROJECT\DEBUG\GAMEPROJECT.EXE
D:\ONEDRIVE - VNU.EDU.VN\1. LAMTRONGVINH\6. DEV\SDL\GAMEPROJECT\DEBUG\GAMEPROJECT.PDB
D:\OneDrive - vnu.edu.vn\1. LamTrongVinh\6. Dev\SDL\GameProject\GameProject\Debug\BaseObject.obj
D:\OneDrive - vnu.edu.vn\1. LamTrongVinh\6. Dev\SDL\GameProject\GameProject\Debug\CommonFunction.obj
D:\OneDrive - vnu.edu.vn\1. LamTrongVinh\6. Dev\SDL\GameProject\GameProject\Debug\GameProject.obj
D:\OneDrive - vnu.edu.vn\1. LamTrongVinh\6. Dev\SDL\GameProject\GameProject\Debug\game_map.obj
D:\OneDrive - vnu.edu.vn\1. LamTrongVinh\6. Dev\SDL\GameProject\GameProject\Debug\main.obj
D:\OneDrive - vnu.edu.vn\1. LamTrongVinh\6. Dev\SDL\GameProject\GameProject\Debug\MainObject.obj
D:\OneDrive - vnu.edu.vn\1. LamTrongVinh\6. Dev\SDL\GameProject\GameProject\Debug\stdafx.obj
D:\OneDrive - vnu.edu.vn\1. LamTrongVinh\6. Dev\SDL\GameProject\GameProject\Debug\cl.command.1.tlog
D:\OneDrive - vnu.edu.vn\1. LamTrongVinh\6. Dev\SDL\GameProject\GameProject\Debug\CL.read.1.tlog
D:\OneDrive - vnu.edu.vn\1. LamTrongVinh\6. Dev\SDL\GameProject\GameProject\Debug\CL.write.1.tlog
D:\OneDrive - vnu.edu.vn\1. LamTrongVinh\6. Dev\SDL\GameProject\GameProject\Debug\link-cvtres.read.1.tlog
D:\OneDrive - vnu.edu.vn\1. LamTrongVinh\6. Dev\SDL\GameProject\GameProject\Debug\link-cvtres.write.1.tlog
D:\OneDrive - vnu.edu.vn\1. LamTrongVinh\6. Dev\SDL\GameProject\GameProject\Debug\link-rc.read.1.tlog
D:\OneDrive - vnu.edu.vn\1. LamTrongVinh\6. Dev\SDL\GameProject\GameProject\Debug\link-rc.write.1.tlog
D:\OneDrive - vnu.edu.vn\1. LamTrongVinh\6. Dev\SDL\GameProject\GameProject\Debug\link.11968-cvtres.read.1.tlog
D:\OneDrive - vnu.edu.vn\1. LamTrongVinh\6. Dev\SDL\GameProject\GameProject\Debug\link.11968-cvtres.write.1.tlog
D:\OneDrive - vnu.edu.vn\1. LamTrongVinh\6. Dev\SDL\GameProject\GameProject\Debug\link.11968-rc.read.1.tlog
D:\OneDrive - vnu.edu.vn\1. LamTrongVinh\6. Dev\SDL\GameProject\GameProject\Debug\link.11968-rc.write.1.tlog
D:\OneDrive - vnu.edu.vn\1. LamTrongVinh\6. Dev\SDL\GameProject\GameProject\Debug\link.11968.read.1.tlog
D:\OneDrive - vnu.edu.vn\1. LamTrongVinh\6. Dev\SDL\GameProject\GameProject\Debug\link.11968.write.1.tlog
D:\OneDrive - vnu.edu.vn\1. LamTrongVinh\6. Dev\SDL\GameProject\GameProject\Debug\link.13280-cvtres.read.1.tlog
D:\OneDrive - vnu.edu.vn\1. LamTrongVinh\6. Dev\SDL\GameProject\GameProject\Debug\link.13280-cvtres.write.1.tlog
D:\OneDrive - vnu.edu.vn\1. LamTrongVinh\6. Dev\SDL\GameProject\GameProject\Debug\link.13280-rc.read.1.tlog
D:\OneDrive - vnu.edu.vn\1. LamTrongVinh\6. Dev\SDL\GameProject\GameProject\Debug\link.13280-rc.write.1.tlog
D:\OneDrive - vnu.edu.vn\1. LamTrongVinh\6. Dev\SDL\GameProject\GameProject\Debug\link.13280.read.1.tlog
D:\OneDrive - vnu.edu.vn\1. LamTrongVinh\6. Dev\SDL\GameProject\GameProject\Debug\link.13280.write.1.tlog
D:\OneDrive - vnu.edu.vn\1. LamTrongVinh\6. Dev\SDL\GameProject\GameProject\Debug\link.1788-cvtres.read.1.tlog
D:\OneDrive - vnu.edu.vn\1. LamTrongVinh\6. Dev\SDL\GameProject\GameProject\Debug\link.1788-cvtres.write.1.tlog
D:\OneDrive - vnu.edu.vn\1. LamTrongVinh\6. Dev\SDL\GameProject\GameProject\Debug\link.1788-rc.read.1.tlog
D:\OneDrive - vnu.edu.vn\1. LamTrongVinh\6. Dev\SDL\GameProject\GameProject\Debug\link.1788-rc.write.1.tlog
D:\OneDrive - vnu.edu.vn\1. LamTrongVinh\6. Dev\SDL\GameProject\GameProject\Debug\link.1788.read.1.tlog
D:\OneDrive - vnu.edu.vn\1. LamTrongVinh\6. Dev\SDL\GameProject\GameProject\Debug\link.1788.write.1.tlog
D:\OneDrive - vnu.edu.vn\1. LamTrongVinh\6. Dev\SDL\GameProject\GameProject\Debug\link.4768-cvtres.read.1.tlog
D:\OneDrive - vnu.edu.vn\1. LamTrongVinh\6. Dev\SDL\GameProject\GameProject\Debug\link.4768-cvtres.write.1.tlog
D:\OneDrive - vnu.edu.vn\1. LamTrongVinh\6. Dev\SDL\GameProject\GameProject\Debug\link.4768-rc.read.1.tlog
D:\OneDrive - vnu.edu.vn\1. LamTrongVinh\6. Dev\SDL\GameProject\GameProject\Debug\link.4768-rc.write.1.tlog
D:\OneDrive - vnu.edu.vn\1. LamTrongVinh\6. Dev\SDL\GameProject\GameProject\Debug\link.4768.read.1.tlog
D:\OneDrive - vnu.edu.vn\1. LamTrongVinh\6. Dev\SDL\GameProject\GameProject\Debug\link.4768.write.1.tlog
D:\OneDrive - vnu.edu.vn\1. LamTrongVinh\6. Dev\SDL\GameProject\GameProject\Debug\link.7212-cvtres.read.1.tlog
D:\OneDrive - vnu.edu.vn\1. LamTrongVinh\6. Dev\SDL\GameProject\GameProject\Debug\link.7212-cvtres.write.1.tlog
D:\OneDrive - vnu.edu.vn\1. LamTrongVinh\6. Dev\SDL\GameProject\GameProject\Debug\link.7212-rc.read.1.tlog
D:\OneDrive - vnu.edu.vn\1. LamTrongVinh\6. Dev\SDL\GameProject\GameProject\Debug\link.7212-rc.write.1.tlog
D:\OneDrive - vnu.edu.vn\1. LamTrongVinh\6. Dev\SDL\GameProject\GameProject\Debug\link.7212.read.1.tlog
D:\OneDrive - vnu.edu.vn\1. LamTrongVinh\6. Dev\SDL\GameProject\GameProject\Debug\link.7212.write.1.tlog
D:\OneDrive - vnu.edu.vn\1. LamTrongVinh\6. Dev\SDL\GameProject\GameProject\Debug\link.7528-cvtres.read.1.tlog
D:\OneDrive - vnu.edu.vn\1. LamTrongVinh\6. Dev\SDL\GameProject\GameProject\Debug\link.7528-cvtres.write.1.tlog
D:\OneDrive - vnu.edu.vn\1. LamTrongVinh\6. Dev\SDL\GameProject\GameProject\Debug\link.7528-rc.read.1.tlog
D:\OneDrive - vnu.edu.vn\1. LamTrongVinh\6. Dev\SDL\GameProject\GameProject\Debug\link.7528-rc.write.1.tlog
D:\OneDrive - vnu.edu.vn\1. LamTrongVinh\6. Dev\SDL\GameProject\GameProject\Debug\link.7528.read.1.tlog
D:\OneDrive - vnu.edu.vn\1. LamTrongVinh\6. Dev\SDL\GameProject\GameProject\Debug\link.7528.write.1.tlog
D:\OneDrive - vnu.edu.vn\1. LamTrongVinh\6. Dev\SDL\GameProject\GameProject\Debug\link.9656-cvtres.read.1.tlog
D:\OneDrive - vnu.edu.vn\1. LamTrongVinh\6. Dev\SDL\GameProject\GameProject\Debug\link.9656-cvtres.write.1.tlog
D:\OneDrive - vnu.edu.vn\1. LamTrongVinh\6. Dev\SDL\GameProject\GameProject\Debug\link.9656-rc.read.1.tlog
D:\OneDrive - vnu.edu.vn\1. LamTrongVinh\6. Dev\SDL\GameProject\GameProject\Debug\link.9656-rc.write.1.tlog
D:\OneDrive - vnu.edu.vn\1. LamTrongVinh\6. Dev\SDL\GameProject\GameProject\Debug\link.9656.read.1.tlog
D:\OneDrive - vnu.edu.vn\1. LamTrongVinh\6. Dev\SDL\GameProject\GameProject\Debug\link.9656.write.1.tlog
D:\OneDrive - vnu.edu.vn\1. LamTrongVinh\6. Dev\SDL\GameProject\GameProject\Debug\link.command.1.tlog
D:\OneDrive - vnu.edu.vn\1. LamTrongVinh\6. Dev\SDL\GameProject\GameProject\Debug\link.read.1.tlog
D:\OneDrive - vnu.edu.vn\1. LamTrongVinh\6. Dev\SDL\GameProject\GameProject\Debug\link.write.1.tlog
D:\OneDrive - vnu.edu.vn\1. LamTrongVinh\6. Dev\SDL\GameProject\GameProject\Debug\GameProject.pch
D:\OneDrive - vnu.edu.vn\1. LamTrongVinh\6. Dev\SDL\GameProject\GameProject\Debug\vc110.idb
D:\OneDrive - vnu.edu.vn\1. LamTrongVinh\6. Dev\SDL\GameProject\GameProject\Debug\vc110.pdb
D:\OneDrive - vnu.edu.vn\1. LamTrongVinh\6. Dev\SDL\GameProject\Debug\GameProject.pdb
D:\OneDrive - vnu.edu.vn\1. LamTrongVinh\6. Dev\SDL\GameProject\Debug\GameProject.exe
D:\OneDrive - vnu.edu.vn\1. LamTrongVinh\6. Dev\SDL\GameProject\Debug\GameProject.ilk
